<?xml version="1.0" encoding="UTF-8" ?>
<testsuite tests="13" failures="0" name="com.blackpixel.cucumber.CukesRunnerTest" time="0.004" errors="0" skipped="4">
  <properties>
[...]
</properties>
  <testcase classname="Scenario: Depositing money into User&apos;s account should add money to the User&apos;s current balance" name="Given a User has no money in their account" time="0.003"/>
  <testcase classname="Scenario: Depositing money into User&apos;s account should add money to the User&apos;s current balance" name="When £100 is deposited into the account" time="0"/>
  <testcase classname="Scenario: Depositing money into User&apos;s account should add money to the User&apos;s current balance" name="Then the balance should be £100" time="0"/>
  <testcase classname="Scenario: Depositing money into User&apos;s account should add money to the User&apos;s current balance" name="Scenario: Depositing money into User&apos;s account should add money to the User&apos;s current balance" time="0.001"/>
  <testcase classname="Scenario: Depositing money into User&apos;s account should add money to the User&apos;s current balance" name="Given a User has no money in their account" time="0"/>
  <testcase classname="Scenario: Depositing money into User&apos;s account should add money to the User&apos;s current balance" name="When £50 is deposited into the account" time="0"/>
  <testcase classname="Scenario: Depositing money into User&apos;s account should add money to the User&apos;s current balance" name="Then the balance should be £50" time="0"/>
  <testcase classname="Scenario: Depositing money into User&apos;s account should add money to the User&apos;s current balance" name="Scenario: Depositing money into User&apos;s account should add money to the User&apos;s current balance" time="0"/>
  <testcase classname="Scenario: Hire a car model that is available" name="Given a Ford Focus is available" time="0">
    <skipped/>
    <system-out>
  Scenario: Depositing money into User&apos;s account should add money to the User&apos;s current balance &amp;#27;[90m# com/blackpixel/cucumber/deposit.feature:10&amp;#27;[0m
    &amp;#27;[32mGiven &amp;#27;[0m&amp;#27;[32ma User has no money in their account&amp;#27;[0m                                                  &amp;#27;[90m# DepositStep.a_User_has_no_money_in_their_current_account()&amp;#27;[0m
    &amp;#27;[32mWhen &amp;#27;[0m&amp;#27;[32m£&amp;#27;[0m&amp;#27;[32m&amp;#27;[1m50&amp;#27;[0m&amp;#27;[32m is deposited into the account&amp;#27;[0m                                                      &amp;#27;[90m# DepositStep.£_is_deposited_into_the_account(int)&amp;#27;[0m
    &amp;#27;[32mThen &amp;#27;[0m&amp;#27;[32mthe balance should be £&amp;#27;[0m&amp;#27;[32m&amp;#27;[1m50&amp;#27;[0m                                                              &amp;#27;[90m# DepositStep.the_balance_should_be_£(int)&amp;#27;[0m
@HireCar
Feature: As a foreign business person I want to hire a car so that I
  can drive places when I am away on business
</system-out>
  </testcase>
  <testcase classname="Scenario: Hire a car model that is available" name="When I select a Ford Focus" time="0">
    <skipped/>
  </testcase>
  <testcase classname="Scenario: Hire a car model that is available" name="Then I should be informed that it is available" time="0">
    <skipped/>
  </testcase>
  <testcase classname="Scenario: Hire a car model that is available" name="Scenario: Hire a car model that is available" time="0">
    <skipped/>
  </testcase>
  <testcase classname="Scenario: Hire a car model that is available" name="Scenario: Hire a car model that is available" time="0"/>
</testsuite>